<?xml version="1.0" encoding="UTF-8"?>
<!-- Generated by org.testng.reporters.JUnitReportReporter -->
<testsuite hostname="DESKTOP-4LFDKLF" failures="0" tests="24" name="testScenarios.FlightDetails" time="21.517" errors="0" timestamp="2020-11-07T10:22:44 IST" skipped="0">
  <testcase classname="testScenarios.FlightDetails" name="testcaseRexl" time="0.070"/>
  <system-out/>
  <testcase classname="testScenarios.FlightDetails" name="testcaseRexl" time="1.461"/>
  <system-out/>
  <testcase classname="testScenarios.FlightDetails" name="testcaseFrom" time="1.042"/>
  <system-out/>
  <testcase classname="testScenarios.FlightDetails" name="testcaseFrom" time="0.880"/>
  <system-out/>
  <testcase classname="testScenarios.FlightDetails" name="testcaseTo" time="2.137"/>
  <system-out/>
  <testcase classname="testScenarios.FlightDetails" name="testcaseTo" time="0.871"/>
  <system-out/>
  <testcase classname="testScenarios.FlightDetails" name="testcaseDate" time="0.903"/>
  <system-out/>
  <testcase classname="testScenarios.FlightDetails" name="testcaseDate" time="0.858"/>
  <system-out/>
  <testcase classname="testScenarios.FlightDetails" name="screenshotHome" time="1.156"/>
  <system-out/>
  <testcase classname="testScenarios.FlightDetails" name="screenshotHome" time="0.627"/>
  <system-out/>
  <testcase classname="testScenarios.FlightDetails" name="testcaseSearch" time="0.667"/>
  <system-out/>
  <testcase classname="testScenarios.FlightDetails" name="testcaseSearch" time="0.335"/>
  <system-out/>
  <testcase classname="testScenarios.FlightDetails" name="testcasePriceSort" time="4.555"/>
  <system-out/>
  <testcase classname="testScenarios.FlightDetails" name="testcasePriceSort" time="3.387"/>
  <system-out/>
  <testcase classname="testScenarios.FlightDetails" name="screenshotResult" time="0.281"/>
  <system-out/>
  <testcase classname="testScenarios.FlightDetails" name="screenshotResult" time="0.559"/>
  <system-out/>
  <testcase classname="testScenarios.FlightDetails" name="testcaseFlight" time="0.319"/>
  <system-out/>
  <testcase classname="testScenarios.FlightDetails" name="testcaseFlight" time="0.325"/>
  <system-out/>
  <testcase classname="testScenarios.FlightDetails" name="testcasePrice" time="0.185"/>
  <system-out/>
  <testcase classname="testScenarios.FlightDetails" name="testcasePrice" time="0.237"/>
  <system-out/>
  <testcase classname="testScenarios.FlightDetails" name="flightintoexcel" time="0.284"/>
  <system-out/>
  <testcase classname="testScenarios.FlightDetails" name="flightintoexcel" time="0.259"/>
  <system-out/>
  <testcase classname="testScenarios.FlightDetails" name="priceintoexcel" time="0.043"/>
  <system-out/>
  <testcase classname="testScenarios.FlightDetails" name="priceintoexcel" time="0.076"/>
  <system-out/>
</testsuite> <!-- testScenarios.FlightDetails -->
